<?xml version="1.0" encoding="UTF-8"?>
<!-- Generated by org.testng.reporters.JUnitReportReporter -->
<testsuite hostname="Akbor" failures="0" tests="2" name="runner.TestRunner" time="39.359" errors="0" timestamp="10 Feb 2024 19:16:28 GMT" skipped="0">
  <testcase classname="runner.TestRunner" name="runScenario" time="15.613"/>
  <testcase classname="runner.TestRunner" name="runScenario" time="23.746"/>
</testsuite> <!-- runner.TestRunner -->
